2023-05-09 10:23:48,169 p=98973 u=robertg n=ansible | PLAY [ephemeric] *********************************************************************************************
2023-05-09 10:23:48,190 p=98973 u=robertg n=ansible | TASK [Gathering Facts] ***************************************************************************************
2023-05-09 10:23:51,868 p=98973 u=robertg n=ansible | ok: [ubuntu2004.ephemeric.lan]
2023-05-09 10:23:51,889 p=98973 u=robertg n=ansible | TASK [Gather facts on listening ports] ***********************************************************************
2023-05-09 10:23:52,244 p=98973 u=robertg n=ansible | ok: [ubuntu2004.ephemeric.lan]
2023-05-09 10:23:52,251 p=98973 u=robertg n=ansible | TASK [List all ports] ****************************************************************************************
2023-05-09 10:23:52,349 p=98973 u=robertg n=ansible | ok: [ubuntu2004.ephemeric.lan] => {}
2023-05-09 10:23:52,375 p=98973 u=robertg n=ansible | PLAY RECAP ***************************************************************************************************
2023-05-09 10:23:52,375 p=98973 u=robertg n=ansible | ubuntu2004.ephemeric.lan   : ok=3    changed=0    unreachable=0    failed=0    skipped=0    rescued=0    ignored=0   
2023-05-09 10:24:53,617 p=99286 u=robertg n=ansible | PLAY [ephemeric] *********************************************************************************************
2023-05-09 10:24:53,636 p=99286 u=robertg n=ansible | TASK [Gathering Facts] ***************************************************************************************
2023-05-09 10:24:56,483 p=99286 u=robertg n=ansible | ok: [ubuntu2004.ephemeric.lan]
2023-05-09 10:24:56,503 p=99286 u=robertg n=ansible | TASK [Gather facts on listening ports] ***********************************************************************
2023-05-09 10:24:56,813 p=99286 u=robertg n=ansible | ok: [ubuntu2004.ephemeric.lan]
2023-05-09 10:24:56,820 p=99286 u=robertg n=ansible | TASK [List all ports] ****************************************************************************************
2023-05-09 10:24:56,902 p=99286 u=robertg n=ansible | ok: [ubuntu2004.ephemeric.lan] => {}
2023-05-09 10:24:56,931 p=99286 u=robertg n=ansible | PLAY RECAP ***************************************************************************************************
2023-05-09 10:24:56,931 p=99286 u=robertg n=ansible | ubuntu2004.ephemeric.lan   : ok=3    changed=0    unreachable=0    failed=0    skipped=0    rescued=0    ignored=0   
2023-05-09 10:26:55,619 p=99508 u=robertg n=ansible | PLAY [ephemeric] *********************************************************************************************
2023-05-09 10:26:55,637 p=99508 u=robertg n=ansible | TASK [Gathering Facts] ***************************************************************************************
2023-05-09 10:26:58,161 p=99508 u=robertg n=ansible | ok: [ubuntu2004.ephemeric.lan]
2023-05-09 10:26:58,182 p=99508 u=robertg n=ansible | TASK [Gather facts on listening ports] ***********************************************************************
2023-05-09 10:26:58,520 p=99508 u=robertg n=ansible | ok: [ubuntu2004.ephemeric.lan]
2023-05-09 10:26:58,527 p=99508 u=robertg n=ansible | TASK [List all ports] ****************************************************************************************
2023-05-09 10:26:58,611 p=99508 u=robertg n=ansible | ok: [ubuntu2004.ephemeric.lan] => {}
2023-05-09 10:26:58,639 p=99508 u=robertg n=ansible | PLAY RECAP ***************************************************************************************************
2023-05-09 10:26:58,639 p=99508 u=robertg n=ansible | ubuntu2004.ephemeric.lan   : ok=3    changed=0    unreachable=0    failed=0    skipped=0    rescued=0    ignored=0   
2023-07-21 13:15:19,631 p=13620 u=robertg n=ansible | PLAY [localhost] *********************************************************************************************
2023-07-21 13:15:19,683 p=13620 u=robertg n=ansible | TASK [set_fact] **********************************************************************************************
2023-07-21 13:15:19,807 p=13620 u=robertg n=ansible | ok: [localhost]
2023-07-21 13:15:19,811 p=13620 u=robertg n=ansible | TASK [set_fact] **********************************************************************************************
2023-07-21 13:15:19,852 p=13620 u=robertg n=ansible | ok: [localhost]
2023-07-21 13:15:19,859 p=13620 u=robertg n=ansible | TASK [output the contents of the 'fruit' list] ***************************************************************
2023-07-21 13:15:19,887 p=13620 u=robertg n=ansible | ok: [localhost] => {
    "_postfix_daemon_directory['default'].slob.hello": "/usr/libexec/postfix"
}
2023-07-21 13:15:19,899 p=13620 u=robertg n=ansible | PLAY RECAP ***************************************************************************************************
2023-07-21 13:15:19,900 p=13620 u=robertg n=ansible | localhost                  : ok=3    changed=0    unreachable=0    failed=0    skipped=0    rescued=0    ignored=0   
2023-07-21 13:38:30,262 p=14195 u=robertg n=ansible | PLAY [localhost] *********************************************************************************************
2023-07-21 13:38:30,285 p=14195 u=robertg n=ansible | TASK [set_fact] **********************************************************************************************
2023-07-21 13:38:30,332 p=14195 u=robertg n=ansible | ok: [localhost]
2023-07-21 13:38:30,335 p=14195 u=robertg n=ansible | TASK [set_fact] **********************************************************************************************
2023-07-21 13:38:30,375 p=14195 u=robertg n=ansible | ok: [localhost]
2023-07-21 13:38:30,380 p=14195 u=robertg n=ansible | TASK [output the contents of the 'fruit' list] ***************************************************************
2023-07-21 13:38:30,407 p=14195 u=robertg n=ansible | ok: [localhost] => {
    "_postfix_daemon_directory['default'].slob.hello": "/usr/libexec/postfix"
}
2023-07-21 13:38:30,420 p=14195 u=robertg n=ansible | PLAY RECAP ***************************************************************************************************
2023-07-21 13:38:30,420 p=14195 u=robertg n=ansible | localhost                  : ok=3    changed=0    unreachable=0    failed=0    skipped=0    rescued=0    ignored=0   
2023-07-21 13:59:57,649 p=14787 u=robertg n=ansible | PLAY [ephemeric] *********************************************************************************************
2023-07-21 13:59:57,650 p=14787 u=robertg n=ansible | skipping: no hosts matched
2023-07-21 13:59:57,651 p=14787 u=robertg n=ansible | PLAY RECAP ***************************************************************************************************
2023-07-21 14:00:14,708 p=14888 u=robertg n=ansible | PLAY [localhost] *********************************************************************************************
2023-07-21 14:00:14,727 p=14888 u=robertg n=ansible | TASK [Gathering Facts] ***************************************************************************************
2023-07-21 14:00:15,228 p=14888 u=robertg n=ansible | [WARNING]: Unhandled error in Python interpreter discovery for host localhost: Failed to connect to the host
via ssh: ansible@localhost: Permission denied (publickey,password,keyboard-interactive).

2023-07-21 14:00:15,374 p=14888 u=robertg n=ansible | fatal: [localhost]: UNREACHABLE! => {
    "changed": false,
    "unreachable": true
}

MSG:

Data could not be sent to remote host "localhost". Make sure this host can be reached over ssh: ansible@localhost: Permission denied (publickey,password,keyboard-interactive).


2023-07-21 14:00:15,376 p=14888 u=robertg n=ansible | PLAY RECAP ***************************************************************************************************
2023-07-21 14:00:15,376 p=14888 u=robertg n=ansible | localhost                  : ok=0    changed=0    unreachable=1    failed=0    skipped=0    rescued=0    ignored=0   
2023-07-21 14:00:36,239 p=14976 u=robertg n=ansible | PLAY [localhost] *********************************************************************************************
2023-07-21 14:00:36,252 p=14976 u=robertg n=ansible | TASK [Gathering Facts] ***************************************************************************************
2023-07-21 14:00:36,635 p=14976 u=robertg n=ansible | [WARNING]: Unhandled error in Python interpreter discovery for host localhost: Failed to connect to the host
via ssh: ansible@localhost: Permission denied (publickey,password,keyboard-interactive).

2023-07-21 14:00:36,769 p=14976 u=robertg n=ansible | fatal: [localhost]: UNREACHABLE! => {
    "changed": false,
    "unreachable": true
}

MSG:

Data could not be sent to remote host "localhost". Make sure this host can be reached over ssh: ansible@localhost: Permission denied (publickey,password,keyboard-interactive).


2023-07-21 14:00:36,770 p=14976 u=robertg n=ansible | PLAY RECAP ***************************************************************************************************
2023-07-21 14:00:36,771 p=14976 u=robertg n=ansible | localhost                  : ok=0    changed=0    unreachable=1    failed=0    skipped=0    rescued=0    ignored=0   
2023-07-21 14:01:55,902 p=15069 u=robertg n=ansible | PLAY [localhost] *********************************************************************************************
2023-07-21 14:01:55,913 p=15069 u=robertg n=ansible | TASK [Gathering Facts] ***************************************************************************************
2023-07-21 14:02:01,927 p=15069 u=robertg n=ansible | [WARNING]: Platform darwin on host localhost is using the discovered Python interpreter at
/usr/local/bin/python3.11, but future installation of another Python interpreter could change the meaning of
that path. See https://docs.ansible.com/ansible-core/2.15/reference_appendices/interpreter_discovery.html for
more information.

2023-07-21 14:02:01,927 p=15069 u=robertg n=ansible | ok: [localhost]
2023-07-21 14:02:01,942 p=15069 u=robertg n=ansible | TASK [debug whatever msg] ************************************************************************************
2023-07-21 14:02:01,959 p=15069 u=robertg n=ansible | fatal: [localhost]: FAILED! => {}

MSG:

The task includes an option with an undefined variable. The error was: 'slobwascli' is undefined. 'slobwascli' is undefined

The error appears to be in '/Users/robertg/ephemeric/ansible.git/playbooks/debug.yml': line 9, column 5, but may
be elsewhere in the file depending on the exact syntax problem.

The offending line appears to be:

  tasks:
  - name: debug whatever msg
    ^ here


2023-07-21 14:02:01,961 p=15069 u=robertg n=ansible | PLAY RECAP ***************************************************************************************************
2023-07-21 14:02:01,961 p=15069 u=robertg n=ansible | localhost                  : ok=1    changed=0    unreachable=0    failed=1    skipped=0    rescued=0    ignored=0   
2023-07-21 14:02:06,524 p=15134 u=robertg n=ansible | PLAY [localhost] *********************************************************************************************
2023-07-21 14:02:06,538 p=15134 u=robertg n=ansible | TASK [Gathering Facts] ***************************************************************************************
2023-07-21 14:02:12,440 p=15134 u=robertg n=ansible | ok: [localhost]
2023-07-21 14:02:12,455 p=15134 u=robertg n=ansible | TASK [debug whatever msg] ************************************************************************************
2023-07-21 14:02:12,474 p=15134 u=robertg n=ansible | fatal: [localhost]: FAILED! => {}

MSG:

The task includes an option with an undefined variable. The error was: 'slobwascli' is undefined. 'slobwascli' is undefined

The error appears to be in '/Users/robertg/ephemeric/ansible.git/playbooks/debug.yml': line 9, column 5, but may
be elsewhere in the file depending on the exact syntax problem.

The offending line appears to be:

  tasks:
  - name: debug whatever msg
    ^ here


2023-07-21 14:02:12,475 p=15134 u=robertg n=ansible | PLAY RECAP ***************************************************************************************************
2023-07-21 14:02:12,476 p=15134 u=robertg n=ansible | localhost                  : ok=1    changed=0    unreachable=0    failed=1    skipped=0    rescued=0    ignored=0   
2023-07-21 14:02:27,799 p=15223 u=robertg n=ansible | PLAY [localhost] *********************************************************************************************
2023-07-21 14:02:27,825 p=15223 u=robertg n=ansible | TASK [debug whatever msg] ************************************************************************************
2023-07-21 14:02:27,844 p=15223 u=robertg n=ansible | fatal: [localhost]: FAILED! => {}

MSG:

The task includes an option with an undefined variable. The error was: 'slobwascli' is undefined. 'slobwascli' is undefined

The error appears to be in '/Users/robertg/ephemeric/ansible.git/playbooks/debug.yml': line 9, column 5, but may
be elsewhere in the file depending on the exact syntax problem.

The offending line appears to be:

  tasks:
  - name: debug whatever msg
    ^ here


2023-07-21 14:02:27,845 p=15223 u=robertg n=ansible | PLAY RECAP ***************************************************************************************************
2023-07-21 14:02:27,845 p=15223 u=robertg n=ansible | localhost                  : ok=0    changed=0    unreachable=0    failed=1    skipped=0    rescued=0    ignored=0   
2023-07-21 14:02:31,315 p=15252 u=robertg n=ansible | PLAY [localhost] *********************************************************************************************
2023-07-21 14:02:31,339 p=15252 u=robertg n=ansible | TASK [debug whatever msg] ************************************************************************************
2023-07-21 14:02:31,357 p=15252 u=robertg n=ansible | fatal: [localhost]: FAILED! => {}

MSG:

The task includes an option with an undefined variable. The error was: 'slobwascli' is undefined. 'slobwascli' is undefined

The error appears to be in '/Users/robertg/ephemeric/ansible.git/playbooks/debug.yml': line 9, column 5, but may
be elsewhere in the file depending on the exact syntax problem.

The offending line appears to be:

  tasks:
  - name: debug whatever msg
    ^ here


2023-07-21 14:02:31,358 p=15252 u=robertg n=ansible | PLAY RECAP ***************************************************************************************************
2023-07-21 14:02:31,358 p=15252 u=robertg n=ansible | localhost                  : ok=0    changed=0    unreachable=0    failed=1    skipped=0    rescued=0    ignored=0   
2023-07-21 14:02:40,323 p=15519 u=robertg n=ansible | PLAY [localhost] *********************************************************************************************
2023-07-21 14:02:40,347 p=15519 u=robertg n=ansible | TASK [debug whatever msg] ************************************************************************************
2023-07-21 14:02:40,365 p=15519 u=robertg n=ansible | fatal: [localhost]: FAILED! => {}

MSG:

The task includes an option with an undefined variable. The error was: 'slobwascli' is undefined. 'slobwascli' is undefined

The error appears to be in '/Users/robertg/ephemeric/ansible.git/playbooks/debug.yml': line 9, column 5, but may
be elsewhere in the file depending on the exact syntax problem.

The offending line appears to be:

  tasks:
  - name: debug whatever msg
    ^ here


2023-07-21 14:02:40,366 p=15519 u=robertg n=ansible | PLAY RECAP ***************************************************************************************************
2023-07-21 14:02:40,366 p=15519 u=robertg n=ansible | localhost                  : ok=0    changed=0    unreachable=0    failed=1    skipped=0    rescued=0    ignored=0   
2023-07-21 14:02:58,107 p=15567 u=robertg n=ansible | PLAY [localhost] *********************************************************************************************
2023-07-21 14:02:58,132 p=15567 u=robertg n=ansible | TASK [debug whatever msg] ************************************************************************************
2023-07-21 14:02:58,156 p=15567 u=robertg n=ansible | ok: [localhost] => {}

MSG:

hello

2023-07-21 14:02:58,179 p=15567 u=robertg n=ansible | PLAY RECAP ***************************************************************************************************
2023-07-21 14:02:58,179 p=15567 u=robertg n=ansible | localhost                  : ok=1    changed=0    unreachable=0    failed=0    skipped=0    rescued=0    ignored=0   
2023-07-21 14:03:06,088 p=15598 u=robertg n=ansible | PLAY [localhost] *********************************************************************************************
2023-07-21 14:03:06,113 p=15598 u=robertg n=ansible | TASK [debug whatever msg] ************************************************************************************
2023-07-21 14:03:06,136 p=15598 u=robertg n=ansible | ok: [localhost] => {}

MSG:

hello

2023-07-21 14:03:06,161 p=15598 u=robertg n=ansible | PLAY RECAP ***************************************************************************************************
2023-07-21 14:03:06,162 p=15598 u=robertg n=ansible | localhost                  : ok=1    changed=0    unreachable=0    failed=0    skipped=0    rescued=0    ignored=0   
2023-07-21 14:03:15,054 p=15640 u=robertg n=ansible | PLAY [localhost] *********************************************************************************************
2023-07-21 14:03:15,079 p=15640 u=robertg n=ansible | TASK [debug whatever msg] ************************************************************************************
2023-07-21 14:03:15,103 p=15640 u=robertg n=ansible | ok: [localhost] => {}

MSG:

hello

2023-07-21 14:03:15,127 p=15640 u=robertg n=ansible | PLAY RECAP ***************************************************************************************************
2023-07-21 14:03:15,127 p=15640 u=robertg n=ansible | localhost                  : ok=1    changed=0    unreachable=0    failed=0    skipped=0    rescued=0    ignored=0   
2023-07-21 14:03:28,245 p=15713 u=robertg n=ansible | PLAY [localhost] *********************************************************************************************
2023-07-21 14:03:28,270 p=15713 u=robertg n=ansible | TASK [debug whatever msg] ************************************************************************************
2023-07-21 14:03:28,292 p=15713 u=robertg n=ansible | ok: [localhost] => {}

MSG:

hello

2023-07-21 14:03:28,315 p=15713 u=robertg n=ansible | PLAY RECAP ***************************************************************************************************
2023-07-21 14:03:28,315 p=15713 u=robertg n=ansible | localhost                  : ok=1    changed=0    unreachable=0    failed=0    skipped=0    rescued=0    ignored=0   
2023-07-21 14:04:38,742 p=15787 u=robertg n=ansible | PLAY [localhost] *********************************************************************************************
2023-07-21 14:04:38,766 p=15787 u=robertg n=ansible | TASK [debug whatever msg] ************************************************************************************
2023-07-21 14:04:38,788 p=15787 u=robertg n=ansible | ok: [localhost] => {}

MSG:

hello

2023-07-21 14:04:38,812 p=15787 u=robertg n=ansible | PLAY RECAP ***************************************************************************************************
2023-07-21 14:04:38,812 p=15787 u=robertg n=ansible | localhost                  : ok=1    changed=0    unreachable=0    failed=0    skipped=0    rescued=0    ignored=0   
2023-07-21 14:05:38,231 p=15913 u=robertg n=ansible | PLAY [localhost] *********************************************************************************************
2023-07-21 14:05:38,255 p=15913 u=robertg n=ansible | TASK [debug whatever msg] ************************************************************************************
2023-07-21 14:05:38,279 p=15913 u=robertg n=ansible | ok: [localhost] => {}

MSG:

/Users/robertg

2023-07-21 14:05:38,303 p=15913 u=robertg n=ansible | PLAY RECAP ***************************************************************************************************
2023-07-21 14:05:38,303 p=15913 u=robertg n=ansible | localhost                  : ok=1    changed=0    unreachable=0    failed=0    skipped=0    rescued=0    ignored=0   
2023-07-21 14:05:53,755 p=16031 u=robertg n=ansible | PLAY [localhost] *********************************************************************************************
2023-07-21 14:05:53,779 p=16031 u=robertg n=ansible | TASK [debug whatever msg] ************************************************************************************
2023-07-21 14:05:53,804 p=16031 u=robertg n=ansible | ok: [localhost] => {}

MSG:

/Users/robertg

2023-07-21 14:05:53,827 p=16031 u=robertg n=ansible | PLAY RECAP ***************************************************************************************************
2023-07-21 14:05:53,827 p=16031 u=robertg n=ansible | localhost                  : ok=1    changed=0    unreachable=0    failed=0    skipped=0    rescued=0    ignored=0   
2024-04-04 12:01:21,771 p=130267 u=robertg n=ansible | [WARNING]: Unhandled error in Python interpreter discovery for host ubuntu2004.ephemeric.lan: Failed to
connect to the host via ssh: ssh: Could not resolve hostname ubuntu2004.ephemeric.lan: Name or service not
known

2024-04-04 12:01:21,781 p=130255 u=robertg n=ansible | ubuntu2004.ephemeric.lan | UNREACHABLE! => {
    "changed": false,
    "msg": "Data could not be sent to remote host \"ubuntu2004.ephemeric.lan\". Make sure this host can be reached over ssh: ssh: Could not resolve hostname ubuntu2004.ephemeric.lan: Name or service not known\r\n",
    "unreachable": true
}
2024-04-04 12:01:21,877 p=130255 u=robertg n=ansible | localhost | SUCCESS => {
    "ansible_facts": {
        "discovered_interpreter_python": "/usr/bin/python3"
    },
    "changed": false,
    "ping": "pong"
}
2024-04-04 12:01:43,436 p=131917 u=robertg n=ansible | localhost | SUCCESS => {
    "changed": false,
    "ping": "pong"
}
2024-04-04 12:01:51,423 p=131929 u=robertg n=ansible | [WARNING]: Unhandled error in Python interpreter discovery for host ubuntu.ephemeric.lan: Failed to connect
to the host via ssh: Warning: Permanently added 'ubuntu.ephemeric.lan' (ED25519) to the list of known hosts.
ansible@ubuntu.ephemeric.lan: Permission denied (publickey,password).

2024-04-04 12:01:51,533 p=131917 u=robertg n=ansible | ubuntu.ephemeric.lan | UNREACHABLE! => {
    "changed": false,
    "msg": "Data could not be sent to remote host \"ubuntu.ephemeric.lan\". Make sure this host can be reached over ssh: ansible@ubuntu.ephemeric.lan: Permission denied (publickey,password).\r\n",
    "unreachable": true
}
2024-04-04 12:01:53,234 p=132690 u=robertg n=ansible | localhost | SUCCESS => {
    "changed": false,
    "ping": "pong"
}
2024-04-04 12:01:53,368 p=132709 u=robertg n=ansible | [WARNING]: Unhandled error in Python interpreter discovery for host ubuntu.ephemeric.lan: Failed to connect
to the host via ssh: ansible@ubuntu.ephemeric.lan: Permission denied (publickey,password).

2024-04-04 12:01:53,480 p=132690 u=robertg n=ansible | ubuntu.ephemeric.lan | UNREACHABLE! => {
    "changed": false,
    "msg": "Data could not be sent to remote host \"ubuntu.ephemeric.lan\". Make sure this host can be reached over ssh: ansible@ubuntu.ephemeric.lan: Permission denied (publickey,password).\r\n",
    "unreachable": true
}
2024-04-04 12:02:28,762 p=135426 u=robertg n=ansible | localhost | SUCCESS => {
    "changed": false,
    "ping": "pong"
}
2024-04-04 12:02:33,363 p=135426 u=robertg n=ansible | ubuntu.ephemeric.lan | SUCCESS => {
    "ansible_facts": {
        "discovered_interpreter_python": "/usr/bin/python3"
    },
    "changed": false,
    "ping": "pong"
}
2024-04-04 12:06:34,274 p=136253 u=robertg n=ansible | [WARNING]: Unhandled error in Python interpreter discovery for host ubuntu.vagrant.ephemeric.lan: Failed to
connect to the host via ssh: Warning: Permanently added 'ubuntu.vagrant.ephemeric.lan' (ED25519) to the list
of known hosts.  vagrant@ubuntu.vagrant.ephemeric.lan: Permission denied (publickey,password).

2024-04-04 12:06:34,379 p=136251 u=robertg n=ansible | ubuntu.vagrant.ephemeric.lan | UNREACHABLE! => {
    "changed": false,
    "msg": "Data could not be sent to remote host \"ubuntu.vagrant.ephemeric.lan\". Make sure this host can be reached over ssh: vagrant@ubuntu.vagrant.ephemeric.lan: Permission denied (publickey,password).\r\n",
    "unreachable": true
}
2024-04-04 12:06:57,390 p=136330 u=robertg n=ansible | [WARNING]: Unhandled error in Python interpreter discovery for host ubuntu.vagrant.ephemeric.lan: to use the
'ssh' connection type with passwords, you must install the sshpass program

2024-04-04 12:06:57,393 p=136325 u=robertg n=ansible | ubuntu.vagrant.ephemeric.lan | FAILED! => {
    "msg": "to use the 'ssh' connection type with passwords, you must install the sshpass program"
}
2024-04-04 12:07:27,182 p=136613 u=robertg n=ansible | [WARNING]: Unhandled error in Python interpreter discovery for host ubuntu.vagrant.ephemeric.lan: Failed to
connect to the host via ssh: vagrant@ubuntu.vagrant.ephemeric.lan: Permission denied (publickey,password).

2024-04-04 12:07:27,288 p=136611 u=robertg n=ansible | ubuntu.vagrant.ephemeric.lan | UNREACHABLE! => {
    "changed": false,
    "msg": "Data could not be sent to remote host \"ubuntu.vagrant.ephemeric.lan\". Make sure this host can be reached over ssh: vagrant@ubuntu.vagrant.ephemeric.lan: Permission denied (publickey,password).\r\n",
    "unreachable": true
}
2024-04-04 12:07:56,395 p=136642 u=robertg n=ansible |  [ERROR]: User interrupted execution

2024-04-04 12:08:24,893 p=136863 u=robertg n=ansible | [WARNING]: Unhandled error in Python interpreter discovery for host ubuntu.vagrant.ephemeric.lan: Failed to
connect to the host via ssh: vagrant@ubuntu.vagrant.ephemeric.lan: Permission denied (publickey,password).

2024-04-04 12:08:25,017 p=136861 u=robertg n=ansible | ubuntu.vagrant.ephemeric.lan | UNREACHABLE! => {
    "changed": false,
    "msg": "Data could not be sent to remote host \"ubuntu.vagrant.ephemeric.lan\". Make sure this host can be reached over ssh: vagrant@ubuntu.vagrant.ephemeric.lan: Permission denied (publickey,password).\r\n",
    "unreachable": true
}
2024-04-04 12:08:42,574 p=136956 u=robertg n=ansible | [WARNING]: Unhandled error in Python interpreter discovery for host ubuntu.vagrant.ephemeric.lan: Failed to
connect to the host via ssh: vagrant@ubuntu.vagrant.ephemeric.lan: Permission denied (publickey,password).

2024-04-04 12:08:42,680 p=136954 u=robertg n=ansible | ubuntu.vagrant.ephemeric.lan | UNREACHABLE! => {
    "changed": false,
    "msg": "Data could not be sent to remote host \"ubuntu.vagrant.ephemeric.lan\". Make sure this host can be reached over ssh: vagrant@ubuntu.vagrant.ephemeric.lan: Permission denied (publickey,password).\r\n",
    "unreachable": true
}
2024-04-04 12:09:08,054 p=137160 u=robertg n=ansible | [WARNING]: Unhandled error in Python interpreter discovery for host ubuntu.vagrant.ephemeric.lan: Failed to
connect to the host via ssh: ansible@ubuntu.vagrant.ephemeric.lan: Permission denied (publickey,password).

2024-04-04 12:09:08,159 p=137158 u=robertg n=ansible | ubuntu.vagrant.ephemeric.lan | UNREACHABLE! => {
    "changed": false,
    "msg": "Data could not be sent to remote host \"ubuntu.vagrant.ephemeric.lan\". Make sure this host can be reached over ssh: ansible@ubuntu.vagrant.ephemeric.lan: Permission denied (publickey,password).\r\n",
    "unreachable": true
}
2024-04-04 12:09:13,688 p=137188 u=robertg n=ansible | [WARNING]: Unhandled error in Python interpreter discovery for host ubuntu.vagrant.ephemeric.lan: Failed to
connect to the host via ssh: ansible@ubuntu.vagrant.ephemeric.lan: Permission denied (publickey,password).

2024-04-04 12:09:13,794 p=137186 u=robertg n=ansible | ubuntu.vagrant.ephemeric.lan | UNREACHABLE! => {
    "changed": false,
    "msg": "Data could not be sent to remote host \"ubuntu.vagrant.ephemeric.lan\". Make sure this host can be reached over ssh: ansible@ubuntu.vagrant.ephemeric.lan: Permission denied (publickey,password).\r\n",
    "unreachable": true
}
2024-04-04 12:09:22,770 p=137251 u=robertg n=ansible | ubuntu.vagrant.ephemeric.lan | SUCCESS => {
    "ansible_facts": {
        "discovered_interpreter_python": "/usr/bin/python3"
    },
    "changed": false,
    "ping": "pong"
}
2024-04-04 12:09:30,077 p=137320 u=robertg n=ansible | ubuntu.vagrant.ephemeric.lan | SUCCESS => {
    "changed": false,
    "ping": "pong"
}
2024-06-30 20:38:44,109 p=9461 u=robertg n=ansible | Starting galaxy collection install process
2024-06-30 20:38:44,437 p=9461 u=robertg n=ansible | Nothing to do. All requested collections are already installed. If you want to reinstall them, consider using `--force`.
2024-06-30 20:42:28,724 p=9889 u=robertg n=ansible | ERROR! 'azure_rm_adapplication' is not a valid attribute for a Play

The error appears to be in '/Users/robertg/ephemeric/ansible.git/playbooks/az-app-reg.yml': line 1, column 3, but may
be elsewhere in the file depending on the exact syntax problem.

The offending line appears to be:


- name: Create ad application
  ^ here

2024-06-30 20:44:37,305 p=10011 u=robertg n=ansible | ERROR! couldn't resolve module/action 'azure_rm_adapplication'. This often indicates a misspelling, missing collection, or incorrect module path.

The error appears to be in '/Users/robertg/ephemeric/ansible.git/playbooks/az-app-reg.yml': line 6, column 5, but may
be elsewhere in the file depending on the exact syntax problem.

The offending line appears to be:

- tasks:
  - name: Create ad application
    ^ here

2024-06-30 20:46:50,202 p=10289 u=robertg n=ansible | ERROR! couldn't resolve module/action 'azure_rm_adapplication'. This often indicates a misspelling, missing collection, or incorrect module path.

The error appears to be in '/Users/robertg/ephemeric/ansible.git/playbooks/az-app-reg.yml': line 6, column 5, but may
be elsewhere in the file depending on the exact syntax problem.

The offending line appears to be:

- tasks:
  - name: Create ad application
    ^ here

2024-06-30 20:47:39,379 p=10360 u=robertg n=ansible | ERROR! couldn't resolve module/action 'azure_rm_adapplication'. This often indicates a misspelling, missing collection, or incorrect module path.

The error appears to be in '/Users/robertg/ephemeric/ansible.git/playbooks/az-app-reg.yml': line 6, column 5, but may
be elsewhere in the file depending on the exact syntax problem.

The offending line appears to be:

- tasks:
  - name: Create ad application
    ^ here

2024-06-30 20:49:31,732 p=10504 u=robertg n=ansible | ERROR! couldn't resolve module/action 'azure_rm_adapplication'. This often indicates a misspelling, missing collection, or incorrect module path.

The error appears to be in '/Users/robertg/ephemeric/ansible.git/playbooks/az-app-reg.yml': line 6, column 5, but may
be elsewhere in the file depending on the exact syntax problem.

The offending line appears to be:

- tasks:
  - name: Create ad application
    ^ here

2024-07-01 13:02:00,953 p=20653 u=robertg n=ansible | ERROR! the field 'hosts' is required but was not set
2024-07-01 13:03:30,874 p=20804 u=robertg n=ansible | PLAY [Create ad application] *********************************************************************************
2024-07-01 13:03:30,998 p=20804 u=robertg n=ansible | TASK [Create ad application] *********************************************************************************
2024-07-01 13:03:31,023 p=20804 u=robertg n=ansible | fatal: [localhost]: FAILED! => {}

MSG:

The task includes an option with an undefined variable. The error was: 'display_name' is undefined

The error appears to be in '/Users/robertg/ephemeric/ansible.git/playbooks/az-app-reg.yml': line 6, column 5, but may
be elsewhere in the file depending on the exact syntax problem.

The offending line appears to be:

  tasks:
  - name: Create ad application
    ^ here


2024-07-01 13:03:31,024 p=20804 u=robertg n=ansible | PLAY RECAP ***************************************************************************************************
2024-07-01 13:03:31,024 p=20804 u=robertg n=ansible | localhost                  : ok=0    changed=0    unreachable=0    failed=1    skipped=0    rescued=0    ignored=0   
2024-07-01 13:03:57,657 p=20866 u=robertg n=ansible | [DEPRECATION WARNING]: Specifying a list of dictionaries for vars is deprecated in favor of specifying a 
dictionary. This feature will be removed in version 2.18. Deprecation warnings can be disabled by setting 
deprecation_warnings=False in ansible.cfg.
2024-07-01 13:03:57,679 p=20866 u=robertg n=ansible | PLAY [Create ad application] *********************************************************************************
2024-07-01 13:03:57,726 p=20866 u=robertg n=ansible | TASK [Create ad application] *********************************************************************************
2024-07-01 13:03:58,377 p=20866 u=robertg n=ansible | An exception occurred during task execution. To see the full traceback, use -vvv. The error was: ModuleNotFoundError: No module named 'packaging'
2024-07-01 13:03:58,378 p=20866 u=robertg n=ansible | [WARNING]: Platform darwin on host localhost is using the discovered Python interpreter at
/usr/local/bin/python3.12, but future installation of another Python interpreter could change the meaning of
that path. See https://docs.ansible.com/ansible-core/2.17/reference_appendices/interpreter_discovery.html for
more information.

2024-07-01 13:03:58,378 p=20866 u=robertg n=ansible | fatal: [localhost]: FAILED! => {
    "ansible_facts": {
        "discovered_interpreter_python": "/usr/local/bin/python3.12"
    },
    "changed": false
}

MSG:

Failed to import the required Python library (packaging) on macos.ephemeric.lan's Python /usr/local/opt/python@3.12/bin/python3.12. Please read the module documentation and install it in the appropriate location. If the required library is installed, but Ansible is using the wrong Python interpreter, please consult the documentation on ansible_python_interpreter

2024-07-01 13:03:58,379 p=20866 u=robertg n=ansible | PLAY RECAP ***************************************************************************************************
2024-07-01 13:03:58,380 p=20866 u=robertg n=ansible | localhost                  : ok=0    changed=0    unreachable=0    failed=1    skipped=0    rescued=0    ignored=0   
2024-07-01 13:04:31,555 p=20963 u=robertg n=ansible | PLAY [Create ad application] *********************************************************************************
2024-07-01 13:04:31,598 p=20963 u=robertg n=ansible | TASK [Create ad application] *********************************************************************************
2024-07-01 13:04:32,186 p=20963 u=robertg n=ansible | An exception occurred during task execution. To see the full traceback, use -vvv. The error was: ModuleNotFoundError: No module named 'packaging'
2024-07-01 13:04:32,187 p=20963 u=robertg n=ansible | [WARNING]: Platform darwin on host localhost is using the discovered Python interpreter at
/usr/local/bin/python3.12, but future installation of another Python interpreter could change the meaning of
that path. See https://docs.ansible.com/ansible-core/2.17/reference_appendices/interpreter_discovery.html for
more information.

2024-07-01 13:04:32,188 p=20963 u=robertg n=ansible | fatal: [localhost]: FAILED! => {
    "ansible_facts": {
        "discovered_interpreter_python": "/usr/local/bin/python3.12"
    },
    "changed": false
}

MSG:

Failed to import the required Python library (packaging) on macos.ephemeric.lan's Python /usr/local/opt/python@3.12/bin/python3.12. Please read the module documentation and install it in the appropriate location. If the required library is installed, but Ansible is using the wrong Python interpreter, please consult the documentation on ansible_python_interpreter

2024-07-01 13:04:32,189 p=20963 u=robertg n=ansible | PLAY RECAP ***************************************************************************************************
2024-07-01 13:04:32,189 p=20963 u=robertg n=ansible | localhost                  : ok=0    changed=0    unreachable=0    failed=1    skipped=0    rescued=0    ignored=0   
2024-07-01 13:16:24,860 p=21771 u=robertg n=ansible | PLAY [Create ad application] *********************************************************************************
2024-07-01 13:16:24,945 p=21771 u=robertg n=ansible | TASK [Create ad application] *********************************************************************************
2024-07-01 13:16:25,558 p=21771 u=robertg n=ansible | An exception occurred during task execution. To see the full traceback, use -vvv. The error was: ModuleNotFoundError: No module named 'packaging'
2024-07-01 13:16:25,559 p=21771 u=robertg n=ansible | [WARNING]: Platform darwin on host localhost is using the discovered Python interpreter at
/usr/local/bin/python3.12, but future installation of another Python interpreter could change the meaning of
that path. See https://docs.ansible.com/ansible-core/2.17/reference_appendices/interpreter_discovery.html for
more information.

2024-07-01 13:16:25,560 p=21771 u=robertg n=ansible | fatal: [localhost]: FAILED! => {
    "ansible_facts": {
        "discovered_interpreter_python": "/usr/local/bin/python3.12"
    },
    "changed": false
}

MSG:

Failed to import the required Python library (packaging) on macos.ephemeric.lan's Python /usr/local/opt/python@3.12/bin/python3.12. Please read the module documentation and install it in the appropriate location. If the required library is installed, but Ansible is using the wrong Python interpreter, please consult the documentation on ansible_python_interpreter

2024-07-01 13:16:25,560 p=21771 u=robertg n=ansible | PLAY RECAP ***************************************************************************************************
2024-07-01 13:16:25,561 p=21771 u=robertg n=ansible | localhost                  : ok=0    changed=0    unreachable=0    failed=1    skipped=0    rescued=0    ignored=0   
2024-07-01 13:24:59,455 p=21929 u=robertg n=ansible | PLAY [Create ad application] *********************************************************************************
2024-07-01 13:24:59,500 p=21929 u=robertg n=ansible | TASK [Create ad application] *********************************************************************************
2024-07-01 13:25:00,124 p=21929 u=robertg n=ansible | An exception occurred during task execution. To see the full traceback, use -vvv. The error was: ModuleNotFoundError: No module named 'packaging'
2024-07-01 13:25:00,124 p=21929 u=robertg n=ansible | [WARNING]: Platform darwin on host localhost is using the discovered Python interpreter at
/usr/local/bin/python3.12, but future installation of another Python interpreter could change the meaning of
that path. See https://docs.ansible.com/ansible-core/2.17/reference_appendices/interpreter_discovery.html for
more information.

2024-07-01 13:25:00,125 p=21929 u=robertg n=ansible | fatal: [localhost]: FAILED! => {
    "changed": false
}

MSG:

Failed to import the required Python library (packaging) on macos.ephemeric.lan's Python /usr/local/opt/python@3.12/bin/python3.12. Please read the module documentation and install it in the appropriate location. If the required library is installed, but Ansible is using the wrong Python interpreter, please consult the documentation on ansible_python_interpreter

2024-07-01 13:25:00,126 p=21929 u=robertg n=ansible | PLAY RECAP ***************************************************************************************************
2024-07-01 13:25:00,126 p=21929 u=robertg n=ansible | localhost                  : ok=0    changed=0    unreachable=0    failed=1    skipped=0    rescued=0    ignored=0   
2024-07-01 13:25:05,500 p=21991 u=robertg n=ansible | ansible-playbook [core 2.17.1]
  config file = /Users/robertg/ephemeric/ansible.git/ansible.cfg
  configured module search path = ['/Users/robertg/.ansible/plugins/modules', '/usr/share/ansible/plugins/modules']
  ansible python module location = /usr/local/Cellar/ansible/10.1.0/libexec/lib/python3.12/site-packages/ansible
  ansible collection location = /Users/robertg/.ansible/collections:/usr/share/ansible/collections
  executable location = /usr/local/bin/ansible-playbook
  python version = 3.12.4 (main, Jun  6 2024, 18:26:44) [Clang 15.0.0 (clang-1500.1.0.2.5)] (/usr/local/Cellar/ansible/10.1.0/libexec/bin/python)
  jinja version = 3.1.4
  libyaml = True
2024-07-01 13:25:05,501 p=21991 u=robertg n=ansible | Using /Users/robertg/ephemeric/ansible.git/ansible.cfg as config file
2024-07-01 13:25:05,610 p=21991 u=robertg n=ansible | host_list declined parsing /Users/robertg/ephemeric/ansible.git/inventory/hosts as it did not pass its verify_file() method
2024-07-01 13:25:05,610 p=21991 u=robertg n=ansible | script declined parsing /Users/robertg/ephemeric/ansible.git/inventory/hosts as it did not pass its verify_file() method
2024-07-01 13:25:05,610 p=21991 u=robertg n=ansible | auto declined parsing /Users/robertg/ephemeric/ansible.git/inventory/hosts as it did not pass its verify_file() method
2024-07-01 13:25:05,613 p=21991 u=robertg n=ansible | Parsed /Users/robertg/ephemeric/ansible.git/inventory/hosts inventory source with ini plugin
2024-07-01 13:25:05,793 p=21991 u=robertg n=ansible | redirecting (type: callback) ansible.builtin.debug to ansible.posix.debug
2024-07-01 13:25:05,794 p=21991 u=robertg n=ansible | redirecting (type: callback) ansible.builtin.debug to ansible.posix.debug
2024-07-01 13:25:05,807 p=21991 u=robertg n=ansible | Skipping callback 'default', as we already have a stdout callback.
2024-07-01 13:25:05,807 p=21991 u=robertg n=ansible | Skipping callback 'minimal', as we already have a stdout callback.
2024-07-01 13:25:05,807 p=21991 u=robertg n=ansible | Skipping callback 'oneline', as we already have a stdout callback.
2024-07-01 13:25:05,807 p=21991 u=robertg n=ansible | PLAYBOOK: az-app-reg.yml *************************************************************************************
2024-07-01 13:25:05,808 p=21991 u=robertg n=ansible | 1 plays in playbooks/az-app-reg.yml
2024-07-01 13:25:05,809 p=21991 u=robertg n=ansible | PLAY [Create ad application] *********************************************************************************
2024-07-01 13:25:05,852 p=21991 u=robertg n=ansible | TASK [Create ad application] *********************************************************************************
2024-07-01 13:25:05,874 p=21991 u=robertg n=ansible | <localhost> ESTABLISH LOCAL CONNECTION FOR USER: robertg
2024-07-01 13:25:05,875 p=21991 u=robertg n=ansible | <localhost> EXEC /bin/sh -c 'echo ~robertg && sleep 0'
2024-07-01 13:25:05,891 p=21991 u=robertg n=ansible | <localhost> EXEC /bin/sh -c '( umask 77 && mkdir -p "` echo /Users/robertg/.ansible/tmp `"&& mkdir "` echo /Users/robertg/.ansible/tmp/ansible-tmp-1719833105.8905768-21993-37499393271906 `" && echo ansible-tmp-1719833105.8905768-21993-37499393271906="` echo /Users/robertg/.ansible/tmp/ansible-tmp-1719833105.8905768-21993-37499393271906 `" ) && sleep 0'
2024-07-01 13:25:06,036 p=21991 u=robertg n=ansible | <localhost> Attempting python interpreter discovery
2024-07-01 13:25:06,037 p=21991 u=robertg n=ansible | <localhost> EXEC /bin/sh -c 'echo PLATFORM; uname; echo FOUND; command -v '"'"'python3.12'"'"'; command -v '"'"'python3.11'"'"'; command -v '"'"'python3.10'"'"'; command -v '"'"'python3.9'"'"'; command -v '"'"'python3.8'"'"'; command -v '"'"'python3.7'"'"'; command -v '"'"'/usr/bin/python3'"'"'; command -v '"'"'python3'"'"'; echo ENDFOUND && sleep 0'
2024-07-01 13:25:06,161 p=21991 u=robertg n=ansible | <localhost> Python interpreter discovery fallback (unsupported platform for extended discovery: darwin)
2024-07-01 13:25:06,163 p=21991 u=robertg n=ansible | Using module file /usr/local/Cellar/ansible/10.1.0/libexec/lib/python3.12/site-packages/ansible_collections/azure/azcollection/plugins/modules/azure_rm_adapplication.py
2024-07-01 13:25:06,164 p=21991 u=robertg n=ansible | <localhost> PUT /Users/robertg/.ansible/tmp/ansible-local-2199184s0o1ky/tmpfk34unkr TO /Users/robertg/.ansible/tmp/ansible-tmp-1719833105.8905768-21993-37499393271906/AnsiballZ_azure_rm_adapplication.py
2024-07-01 13:25:06,164 p=21991 u=robertg n=ansible | <localhost> EXEC /bin/sh -c 'chmod u+x /Users/robertg/.ansible/tmp/ansible-tmp-1719833105.8905768-21993-37499393271906/ /Users/robertg/.ansible/tmp/ansible-tmp-1719833105.8905768-21993-37499393271906/AnsiballZ_azure_rm_adapplication.py && sleep 0'
2024-07-01 13:25:06,180 p=21991 u=robertg n=ansible | <localhost> EXEC /bin/sh -c '/usr/local/bin/python3.12 /Users/robertg/.ansible/tmp/ansible-tmp-1719833105.8905768-21993-37499393271906/AnsiballZ_azure_rm_adapplication.py && sleep 0'
2024-07-01 13:25:06,438 p=21991 u=robertg n=ansible | <localhost> EXEC /bin/sh -c 'rm -f -r /Users/robertg/.ansible/tmp/ansible-tmp-1719833105.8905768-21993-37499393271906/ > /dev/null 2>&1 && sleep 0'
2024-07-01 13:25:06,460 p=21991 u=robertg n=ansible | The full traceback is:
Traceback (most recent call last):
  File "/var/folders/rf/q47td8qx6z5dz0cfqj3lppzm0000gp/T/ansible_azure.azcollection.azure_rm_adapplication_payload_382vxzia/ansible_azure.azcollection.azure_rm_adapplication_payload.zip/ansible_collections/azure/azcollection/plugins/module_utils/azure_rm_common.py", line 232, in <module>
    from packaging.version import Version
ModuleNotFoundError: No module named 'packaging'

2024-07-01 13:25:06,460 p=21991 u=robertg n=ansible | [WARNING]: Platform darwin on host localhost is using the discovered Python interpreter at
/usr/local/bin/python3.12, but future installation of another Python interpreter could change the meaning of
that path. See https://docs.ansible.com/ansible-core/2.17/reference_appendices/interpreter_discovery.html for
more information.

2024-07-01 13:25:06,461 p=21991 u=robertg n=ansible | fatal: [localhost]: FAILED! => {
    "changed": false,
    "invocation": {
        "module_args": {
            "ad_user": null,
            "adfs_authority_url": null,
            "allow_guests_sign_in": null,
            "api_profile": "latest",
            "app_id": null,
            "app_roles": null,
            "auth_source": "auto",
            "available_to_other_tenants": null,
            "cert_validation_mode": null,
            "client_id": null,
            "cloud_environment": "AzureCloud",
            "credential_description": null,
            "disable_instance_discovery": false,
            "display_name": "slobwashere",
            "end_date": null,
            "homepage": null,
            "identifier_uris": null,
            "key_type": "AsymmetricX509Cert",
            "key_usage": "Verify",
            "key_value": null,
            "log_mode": null,
            "log_path": null,
            "native_app": null,
            "oauth2_allow_implicit_flow": null,
            "optional_claims": null,
            "password": null,
            "profile": null,
            "public_client_reply_urls": null,
            "required_resource_accesses": null,
            "secret": null,
            "sign_in_audience": null,
            "spa_reply_urls": null,
            "start_date": null,
            "state": "present",
            "subscription_id": null,
            "tenant": null,
            "thumbprint": null,
            "web_reply_urls": null,
            "x509_certificate_path": null
        }
    }
}

MSG:

Failed to import the required Python library (packaging) on macos.ephemeric.lan's Python /usr/local/opt/python@3.12/bin/python3.12. Please read the module documentation and install it in the appropriate location. If the required library is installed, but Ansible is using the wrong Python interpreter, please consult the documentation on ansible_python_interpreter

2024-07-01 13:25:06,462 p=21991 u=robertg n=ansible | PLAY RECAP ***************************************************************************************************
2024-07-01 13:25:06,463 p=21991 u=robertg n=ansible | localhost                  : ok=0    changed=0    unreachable=0    failed=1    skipped=0    rescued=0    ignored=0   
